<?xml version="1.0" encoding="UTF-8"?>
<!-- Generated by org.testng.reporters.JUnitReportReporter -->
<testsuite skipped="0" hostname="DESKTOP-4UTM8EP" name="package1.Smoke" tests="1" failures="0" timestamp="26 Aug 2020 11:24:41 GMT" time="0.043" errors="0">
  <testcase name="m1" time="0.043" classname="package1.Smoke"/>
</testsuite> <!-- package1.Smoke -->
